<?xml version="1.0" encoding="UTF-8"?>
<!-- Generated by org.testng.reporters.JUnitReportReporter -->
<testsuite hostname="DESKTOP-QOG50G5" failures="0" tests="1" name="com.comcast.crm.troubleticketstest.CreateTroubleTickets" time="15.029" errors="0" timestamp="2025-09-24T16:35:51 IST" skipped="0">
  <testcase classname="com.comcast.crm.troubleticketstest.CreateTroubleTickets" name="createTroubleTickets" time="15.029"/>
  <system-out>
    <![CDATA[====Connect To DB, Report Configuration====
====Open Browser====
====Login To Application====
====Logout of Application====
====Close Browser====
====Close DB Connection, Report Backup====]]>
  </system-out>
</testsuite> <!-- com.comcast.crm.troubleticketstest.CreateTroubleTickets -->
