<?xml version="1.0" encoding="UTF-8"?>
<!-- Generated by org.testng.reporters.JUnitReportReporter -->
<testsuite hostname="DESKTOP-QOG50G5" failures="0" tests="2" name="com.comcast.crm.organizationtest.CreateOrganization" time="26.156" errors="0" timestamp="2025-09-25T14:32:57 IST" skipped="0">
  <testcase classname="com.comcast.crm.organizationtest.CreateOrganization" name="createOrganizationWithPhoneNumber" time="11.626"/>
  <testcase classname="com.comcast.crm.organizationtest.CreateOrganization" name="createOrganizationWithIndustry" time="14.530"/>
  <system-out>
    <![CDATA[====Connect To DB, Report Configuration====
====Open Browser====
====Login To Application====
====Logout of Application====
====Login To Application====
====Logout of Application====
====Close Browser====
====Open Browser====
====Login To Application====
====Logout of Application====
====Login To Application====
====Logout of Application====
====Close Browser====
====Close DB Connection, Report Backup====]]>
  </system-out>
</testsuite> <!-- com.comcast.crm.organizationtest.CreateOrganization -->
