<?xml version="1.0" encoding="UTF-8"?>
<!-- Generated by org.testng.reporters.JUnitReportReporter -->
<testsuite hostname="DESKTOP-QOG50G5" failures="0" tests="1" name="com.comcast.crm.opportunitytest.CreateOpportunityTest" time="43.072" errors="0" timestamp="2025-09-25T16:37:25 IST" skipped="0">
  <testcase classname="com.comcast.crm.opportunitytest.CreateOpportunityTest" name="createOpportunity" time="43.072"/>
  <system-out>
    <![CDATA[====Connect To DB, Report Configuration====
====Open Browser====
====Login To Application====
====Logout of Application====
====Close Browser====
====Close DB Connection, Report Backup====]]>
  </system-out>
</testsuite> <!-- com.comcast.crm.opportunitytest.CreateOpportunityTest -->
