<?xml version="1.0" encoding="UTF-8"?>
<!-- Generated by org.testng.reporters.JUnitReportReporter -->
<testsuite hostname="DESKTOP-QOG50G5" failures="0" tests="3" name="com.comcast.crm.organizationtest.CreateOrganizationTest" time="99.028" errors="0" timestamp="2025-09-26T10:53:44 IST" skipped="0">
  <testcase classname="com.comcast.crm.organizationtest.CreateOrganizationTest" name="createOrganization" time="36.671"/>
  <testcase classname="com.comcast.crm.organizationtest.CreateOrganizationTest" name="createOrganizationWithPhoneNumber" time="31.646"/>
  <testcase classname="com.comcast.crm.organizationtest.CreateOrganizationTest" name="createOrganizationWithIndustry" time="30.711"/>
  <system-out>
    <![CDATA[====Connect To DB, Report Configuration====
====Open Browser====
====Login To Application====
====Logout of Application====
====Close Browser====
====Open Browser====
====Login To Application====
====Logout of Application====
====Login To Application====
====Logout of Application====
====Login To Application====
====Logout of Application====
====Close Browser====
====Open Browser====
====Login To Application====
====Logout of Application====
====Close Browser====
====Open Browser====
====Login To Application====
====Logout of Application====
====Close Browser====
====Open Browser====
====Login To Application====
====Logout of Application====
====Close Browser====
====Open Browser====
====Login To Application====
====Logout of Application====
====Login To Application====
====Logout of Application====
====Login To Application====
====Logout of Application====
====Close Browser====
====Close DB Connection, Report Backup====]]>
  </system-out>
</testsuite> <!-- com.comcast.crm.organizationtest.CreateOrganizationTest -->
