<?xml version="1.0" encoding="UTF-8"?>
<!-- Generated by org.testng.reporters.JUnitReportReporter -->
<testsuite hostname="DESKTOP-QOG50G5" failures="0" tests="3" name="com.comcast.crm.contacttest.CreateContactTest" time="114.231" errors="0" timestamp="2025-09-26T10:53:44 IST" skipped="0">
  <testcase classname="com.comcast.crm.contacttest.CreateContactTest" name="createContact" time="31.476"/>
  <testcase classname="com.comcast.crm.contacttest.CreateContactTest" name="createContactWithOrganization" time="53.263"/>
  <testcase classname="com.comcast.crm.contacttest.CreateContactTest" name="createContactWithDate" time="29.492"/>
  <system-out>
    <![CDATA[====Connect To DB, Report Configuration====
====Open Browser====
====Login To Application====
====Logout of Application====
====Close Browser====
====Open Browser====
====Login To Application====
====Logout of Application====
====Login To Application====
====Logout of Application====
====Login To Application====
====Logout of Application====
====Close Browser====
====Open Browser====
====Login To Application====
====Logout of Application====
====Close Browser====
====Open Browser====
====Login To Application====
====Logout of Application====
====Close Browser====
====Open Browser====
====Login To Application====
====Logout of Application====
====Close Browser====
====Open Browser====
====Login To Application====
====Logout of Application====
====Login To Application====
====Logout of Application====
====Login To Application====
====Logout of Application====
====Close Browser====
====Close DB Connection, Report Backup====]]>
  </system-out>
</testsuite> <!-- com.comcast.crm.contacttest.CreateContactTest -->
