<?xml version="1.0" encoding="UTF-8"?>
<!-- Generated by org.testng.reporters.JUnitReportReporter -->
<testsuite hostname="DESKTOP-QOG50G5" failures="0" tests="1" name="com.comcast.crm.leadstest.CreateLeads" time="36.875" errors="0" timestamp="2025-09-25T14:35:48 IST" skipped="0">
  <testcase classname="com.comcast.crm.leadstest.CreateLeads" name="createLeads" time="36.875"/>
  <system-out>
    <![CDATA[====Connect To DB, Report Configuration====
====Open Browser====
====Open Browser====
====Open Browser====
====Open Browser====
====Login To Application====
====Login To Application====
====Login To Application====
====Login To Application====
====Logout of Application====
====Close Browser====
====Logout of Application====
====Logout of Application====
====Close Browser====
====Close Browser====
====Logout of Application====
====Close Browser====
====Close DB Connection, Report Backup====]]>
  </system-out>
</testsuite> <!-- com.comcast.crm.leadstest.CreateLeads -->
