<?xml version="1.0" encoding="UTF-8"?>
<!-- Generated by org.testng.reporters.JUnitReportReporter -->
<testsuite hostname="DESKTOP-QOG50G5" failures="0" tests="1" name="com.comcast.crm.producttest.CreateProduct" time="18.393" errors="0" timestamp="2025-09-24T16:36:56 IST" skipped="0">
  <testcase classname="com.comcast.crm.producttest.CreateProduct" name="createProduct" time="18.393"/>
  <system-out>
    <![CDATA[====Connect To DB, Report Configuration====
====Open Browser====
====Login To Application====
====Logout of Application====
====Close Browser====
====Close DB Connection, Report Backup====]]>
  </system-out>
</testsuite> <!-- com.comcast.crm.producttest.CreateProduct -->
