<?xml version="1.0" encoding="UTF-8"?>
<!-- Generated by org.testng.reporters.JUnitReportReporter -->
<testsuite hostname="DESKTOP-QOG50G5" failures="0" tests="1" name="com.comcast.crm.opportunitytest.CreateOpportunity" time="49.666" errors="0" timestamp="2025-09-25T14:35:48 IST" skipped="0">
  <testcase classname="com.comcast.crm.opportunitytest.CreateOpportunity" name="createOpportunity" time="49.666"/>
  <system-out>
    <![CDATA[====Connect To DB, Report Configuration====
====Open Browser====
====Open Browser====
====Open Browser====
====Open Browser====
====Login To Application====
====Login To Application====
====Login To Application====
====Login To Application====
====Logout of Application====
====Close Browser====
====Logout of Application====
====Logout of Application====
====Close Browser====
====Close Browser====
====Logout of Application====
====Close Browser====
====Close DB Connection, Report Backup====]]>
  </system-out>
</testsuite> <!-- com.comcast.crm.opportunitytest.CreateOpportunity -->
