<?xml version="1.0" encoding="UTF-8"?>
<!-- Generated by org.testng.reporters.JUnitReportReporter -->
<testsuite hostname="DESKTOP-QOG50G5" failures="0" tests="2" name="com.comcast.crm.contacttest.CreateContact" time="81.820" errors="0" timestamp="2025-09-25T14:32:57 IST" skipped="0">
  <testcase classname="com.comcast.crm.contacttest.CreateContact" name="createContactWithDate" time="58.651"/>
  <testcase classname="com.comcast.crm.contacttest.CreateContact" name="createContactWithOrganization" time="23.169"/>
  <system-out>
    <![CDATA[====Connect To DB, Report Configuration====
====Open Browser====
====Login To Application====
====Logout of Application====
====Login To Application====
====Logout of Application====
====Close Browser====
====Open Browser====
====Login To Application====
====Logout of Application====
====Login To Application====
====Logout of Application====
====Close Browser====
====Close DB Connection, Report Backup====]]>
  </system-out>
</testsuite> <!-- com.comcast.crm.contacttest.CreateContact -->
